<?xml version="1.0" encoding="UTF-8"?>
<!-- Generated by org.testng.reporters.JUnitReportReporter -->
<testsuite hostname="zahraa-mahmoud" failures="0" tests="5" name="tests.emailfriendtest" time="11.439" errors="0" timestamp="2023-01-30T19:59:34 EET" skipped="0">
  <testcase classname="tests.emailfriendtest" name="registeredusercanlogin" time="1.996"/>
  <system-out/>
  <testcase classname="tests.emailfriendtest" name="usercanemailafriend" time="1.355"/>
  <system-out/>
  <testcase classname="tests.emailfriendtest" name="usercanregistersuccessfully" time="3.638"/>
  <system-out/>
  <testcase classname="tests.emailfriendtest" name="usersearchforproduct" time="3.549"/>
  <system-out/>
  <testcase classname="tests.emailfriendtest" name="registeredusercanlogout" time="0.901"/>
  <system-out/>
</testsuite> <!-- tests.emailfriendtest -->
