<?xml version="1.0" encoding="UTF-8"?>
<!-- Generated by org.testng.reporters.JUnitReportReporter -->
<testsuite hostname="zahraa-mahmoud" failures="0" tests="3" name="tests.Myaccounttest" time="7.093" errors="0" timestamp="2023-01-29T21:54:58 EET" skipped="0">
  <testcase classname="tests.Myaccounttest" name="registeredusercanlogin" time="1.785"/>
  <system-out/>
  <testcase classname="tests.Myaccounttest" name="usercanregistersuccessfully" time="3.010"/>
  <system-out/>
  <testcase classname="tests.Myaccounttest" name="registeredusercanchangepassword" time="2.298"/>
  <system-out/>
</testsuite> <!-- tests.Myaccounttest -->
