<?xml version="1.0" encoding="UTF-8"?>
<!-- Generated by org.testng.reporters.JUnitReportReporter -->
<testsuite hostname="zahraa-mahmoud" failures="0" tests="3" name="tests.gusetcheckouttest" time="13.952" errors="0" timestamp="2023-02-01T15:31:14 EET" skipped="0">
  <testcase classname="tests.gusetcheckouttest" name="usercanaddproducttocart" time="1.414"/>
  <system-out/>
  <testcase classname="tests.gusetcheckouttest" name="usercancheckoutasguest" time="7.328"/>
  <system-out/>
  <testcase classname="tests.gusetcheckouttest" name="usersearchforproduct" time="5.210"/>
  <system-out/>
</testsuite> <!-- tests.gusetcheckouttest -->
