<?xml version="1.0" encoding="UTF-8"?>
<!-- Generated by org.testng.reporters.JUnitReportReporter -->
<testsuite hostname="zahraa-mahmoud" failures="0" tests="2" name="tests.addtocarttest" time="5.389" errors="0" timestamp="2023-02-01T15:31:14 EET" skipped="0">
  <testcase classname="tests.addtocarttest" name="usersearchforproduct" time="4.002"/>
  <system-out/>
  <testcase classname="tests.addtocarttest" name="usercanaddproducttocart" time="1.387"/>
  <system-out/>
</testsuite> <!-- tests.addtocarttest -->
